Final Query:
INSERT INTO order_details (
        order_id,
        customer_id,
        customer_name,
        customer_address,
        customer_mobile,
        customer_email,
        product_id,
        product_name,
        quantity,
        color,
        amount,
        product_image,
        placed_date,
        status
    ) VALUES (
        'ORD1748328909947',
        '6',
        'Ebine',
        'Angamaly, Church Avenue, 680306, Loading states..., UK',
        '45751212124',
        'rose.ebine@gmail.com',
        '17',
        'z-1200',
        '3',
        'WHITE',
        '3000.00',
        '1747131119_8.png',
        NOW(),
        'pending'
    )
Final Query:
INSERT INTO order_details (
        order_id,
        customer_id,
        customer_name,
        customer_address,
        customer_mobile_no,
        customer_email,
        product_id,
        product_name,
        quantity,
        color,
        amount,
        product_image,
        placed_date,
        status
    ) VALUES (
        'ORD1748328997931',
        '6',
        'Ebine',
        'Angamaly, Church Avenue, 680306, Loading states..., UK',
        '45751212124',
        'rose.ebine@gmail.com',
        '17',
        'z-1200',
        '3',
        'WHITE',
        '3000.00',
        '1747131119_8.png',
        NOW(),
        'pending'
    )
Final Query:
INSERT INTO order_details (
        order_id,
        customer_id,
        customer_name,
        customer_address,
        customer_mobile_no,
        customer_email,
        product_id,
        product_name,
       
        color,
        amount,
        product_image,
        placed_date,
        status
    ) VALUES (
        'ORD1748329141947',
        '6',
        'Ebine',
        'Angamaly, Church Avenue, 680306, Loading states..., UK',
        '45751212124',
        'rose.ebine@gmail.com',
        '17',
        'z-1200',
        '3',
        'WHITE',
        '3000.00',
        '1747131119_8.png',
        NOW(),
        'pending'
    )
Final Query:
INSERT INTO order_details (
        order_id,
        customer_id,
        customer_name,
        customer_address,
        customer_mobile_no,
        customer_email,
        product_id,
        product_name,
        quantity,
        color,
        amount,
        product_image,
        placed_date,
        status
    ) VALUES (
        'ORD1748329275109',
        '6',
        'Ebine',
        'Angamaly, Church Avenue, 680306, Loading states..., UK',
        '45751212124',
        'rose.ebine@gmail.com',
        '17',
        'z-1200',
        '3',
        'WHITE',
        '3000.00',
        '1747131119_8.png',
        NOW(),
        'pending'
    )
Final Query:
INSERT INTO order_details (
        order_id,
        customer_id,
        customer_name,
        customer_address,
        customer_mobile_no,
        customer_email,
        product_id,
        product_name,
        quantity,
        product_color,
        amount,
        product_image,
        placed_date,
        status
    ) VALUES (
        'ORD1748329338875',
        '6',
        'Ebine',
        'Angamaly, Church Avenue, 680306, Loading states..., UK',
        '45751212124',
        'rose.ebine@gmail.com',
        '17',
        'z-1200',
        '3',
        'WHITE',
        '3000.00',
        '1747131119_8.png',
        NOW(),
        'pending'
    )
Final Query:
INSERT INTO order_details (
        order_id,
        customer_id,
        customer_name,
        customer_address,
        customer_mobile_no,
        customer_email,
        product_id,
        product_name,
        quantity,
        product_color,
        product_cost,
        product_image,
        placed_date,
        status
    ) VALUES (
        'ORD1748329390334',
        '6',
        'Ebine',
        'Angamaly, Church Avenue, 680306, Loading states..., UK',
        '45751212124',
        'rose.ebine@gmail.com',
        '17',
        'z-1200',
        '3',
        'WHITE',
        '3000.00',
        '1747131119_8.png',
        NOW(),
        'pending'
    )
Final Query:
INSERT INTO order_details (
        order_id,
        customer_id,
        customer_name,
        customer_address,
        customer_mobile_no,
        customer_email,
        product_id,
        product_name,
        quantity,
        product_color,
        product_cost,
        product_image,
        placed_date,
        status
    ) VALUES (
        'ORD1748329649606',
        '6',
        'Ebine',
        'Angamaly, Church Avenue, 680306, Loading states..., UK',
        '45751212124',
        'rose.ebine@gmail.com',
        '17',
        'z-1200',
        '3',
        'WHITE',
        '3000.00',
        '1747131119_8.png',
        NOW(),
        'pending'
    )
Final Query:
INSERT INTO order_details (
        order_id,
        customer_id,
        customer_name,
        customer_address,
        customer_mobile_no,
        customer_email,
        product_id,
        product_name,
        quantity,
        product_color,
        product_cost,
        product_image,
        placed_date,
        status
    ) VALUES (
        'ORD1748329962530',
        '6',
        'Ebine',
        'Angamaly, Church Avenue, 680306, Loading states..., UK',
        '45751212124',
        'rose.ebine@gmail.com',
        '17',
        'z-1200',
        '3',
        'WHITE',
        '3000.00',
        '1747131119_8.png',
        NOW(),
        'pending'
    )
Final Query:
INSERT INTO order_details (
        order_id,
        customer_id,
        customer_name,
        customer_address,
        customer_mobile_no,
        customer_email,
        product_id,
        product_name,
        quantity,
        product_color,
        product_cost,
        product_image,
        placed_date,
        status
    ) VALUES (
        'ORD1748330600968',
        '6',
        'Ebine',
        'Angamaly, Church Avenue, 680306, Loading states..., UK',
        '45751212124',
        'rose.ebine@gmail.com',
        '17',
        'z-1200',
        '1',
        'WHITE',
        '3000.00',
        '1747131119_8.png',
        NOW(),
        'pending'
    )
Final Query:
INSERT INTO order_details (
        order_id,
        customer_id,
        customer_name,
        customer_address,
        customer_mobile_no,
        customer_email,
        product_id,
        product_name,
        quantity,
        product_color,
        product_cost,
        product_image,
        placed_date,
        status
    ) VALUES (
        'ORD1748330844501',
        '6',
        'Ebine',
        'Angamaly, Church Avenue, 680306, Loading states..., UK',
        '45751212124',
        'rose.ebine@gmail.com',
        '17',
        'z-1200',
        '1',
        'WHITE',
        '3000.00',
        '1747131119_8.png',
        NOW(),
        'pending'
    )
Final Query:
INSERT INTO order_details (
        order_id,
        customer_id,
        customer_name,
        customer_address,
        customer_mobile_no,
        customer_email,
        product_id,
        product_name,
        quantity,
        product_color,
        product_cost,
        product_image,
        placed_date,
        status
    ) VALUES (
        'ORD1748331172942',
        '6',
        'Ebine',
        'Angamaly, Church Avenue, 680306, Loading states..., UK',
        '45751212124',
        'rose.ebine@gmail.com',
        '17',
        'z-1200',
        '1',
        'WHITE',
        '3000.00',
        '1747131119_8.png',
        NOW(),
        'pending'
    )
Final Query:
INSERT INTO order_details (
        order_id,
        customer_id,
        customer_name,
        customer_address,
        customer_mobile_no,
        customer_email,
        product_id,
        product_name,
        quantity,
        product_color,
        product_cost,
        product_image,
        placed_date,
        status
    ) VALUES (
        'ORD1748346205340',
        '6',
        'Ebine',
        'Angamaly, Church Avenue, 680306, Loading states..., UK',
        '45751212124',
        'rose.ebine@gmail.com',
        '17',
        'z-1200',
        '1',
        'WHITE',
        '3000.00',
        '1747131119_8.png',
        NOW(),
        'pending'
    )
Final Query:
INSERT INTO order_details (
        order_id,
        customer_id,
        customer_name,
        customer_address,
        customer_mobile_no,
        customer_email,
        product_id,
        product_name,
        quantity,
        product_color,
        product_cost,
        product_image,
        placed_date,
        status
    ) VALUES (
        'ORD1748346237124',
        '6',
        'Ebine',
        'Angamaly, Church Avenue, 680306, Loading states..., UK',
        '45751212124',
        'rose.ebine@gmail.com',
        '17',
        'z-1200',
        '1',
        'WHITE',
        '3000.00',
        '1747131119_8.png',
        NOW(),
        'pending'
    )
Final Query:
INSERT INTO order_details (
        order_id,
        customer_id,
        customer_name,
        customer_address,
        customer_mobile_no,
        customer_email,
        product_id,
        product_name,
        quantity,
        product_color,
        product_cost,
        product_image,
        placed_date,
        status
    ) VALUES (
        'ORD1748347086686',
        '6',
        'Ebine',
        'Angamaly, Church Avenue, 680306, Loading states..., UK',
        '45751212124',
        'rose.ebine@gmail.com',
        '17',
        'z-1200',
        '1',
        'WHITE',
        '3000.00',
        '1747131119_8.png',
        NOW(),
        'pending'
    )
Final Query:
INSERT INTO order_details (
        order_id,
        customer_id,
        customer_name,
        customer_address,
        customer_mobile_no,
        customer_email,
        product_id,
        product_name,
        quantity,
        product_color,
        product_cost,
        product_image,
        placed_date,
        status
    ) VALUES (
        'ORD1748407467935',
        '6',
        'Ebine',
        'Angamaly, Church Avenue, 680306, Loading states..., UK',
        '45751212124',
        'rose.ebine@gmail.com',
        '17',
        'z-1200',
        '1',
        'WHITE',
        '3000.00',
        '1747131119_8.png',
        NOW(),
        'pending'
    )
Final Query:
INSERT INTO order_details (
        order_id,
        customer_id,
        customer_name,
        customer_address,
        customer_mobile_no,
        customer_email,
        product_id,
        product_name,
        quantity,
        product_color,
        product_cost,
        product_image,
        placed_date,
        status
    ) VALUES (
        'ORD1748408216507',
        '6',
        'Ebine',
        'Angamaly, Church Avenue, 680306, Loading states..., UK',
        '45751212124',
        'rose.ebine@gmail.com',
        '17',
        'z-1200',
        '1',
        'WHITE',
        '3000.00',
        '1747131119_8.png',
        NOW(),
        'pending'
    )
Final Query:
INSERT INTO order_details (
        order_id,
        customer_id,
        customer_name,
        customer_address,
        customer_mobile_no,
        customer_email,
        product_id,
        product_name,
        quantity,
        product_color,
        product_cost,
        product_image,
        placed_date,
        status
    ) VALUES (
        'ORD1748409550764',
        '6',
        'Ebine',
        'Angamaly, Church Avenue, 680306, Loading states..., UK',
        '45751212124',
        'rose.ebine@gmail.com',
        '17',
        'z-1200',
        '1',
        'WHITE',
        '3000.00',
        '1747131119_8.png',
        NOW(),
        'pending'
    )
Final Query:
INSERT INTO order_details (
        order_id,
        customer_id,
        customer_name,
        customer_address,
        customer_mobile_no,
        customer_email,
        product_id,
        product_name,
        quantity,
        product_color,
        product_cost,
        product_image,
        placed_date,
        status
    ) VALUES (
        'ORD1748410495804',
        '6',
        'Ebine',
        'Angamaly, Church Avenue, 680306, Loading states..., UK',
        '45751212124',
        'rose.ebine@gmail.com',
        '17',
        'z-1200',
        '1',
        'WHITE',
        '3000.00',
        '1747131119_8.png',
        NOW(),
        'pending'
    )
Final Query:
INSERT INTO order_details (
        order_id,
        customer_id,
        customer_name,
        customer_address,
        customer_mobile_no,
        customer_email,
        product_id,
        product_name,
        quantity,
        product_color,
        product_cost,
        product_image,
        placed_date,
        status
    ) VALUES (
        'ORD1748411573350',
        '6',
        'Ebine',
        'Angamaly, Church Avenue, 680306, Loading states..., UK',
        '45751212124',
        'rose.ebine@gmail.com',
        '17',
        'z-1200',
        '1',
        'WHITE',
        '3000.00',
        '1747131119_8.png',
        NOW(),
        'pending'
    )
Final Query:
INSERT INTO order_details (
    order_id,
    customer_id,
    customer_name,
    customer_address,
    customer_mobile_no,
    customer_email,
    product_id,
    product_name,
    quantity,
    product_color,
    product_cost,
    product_image,
    placed_date,
    status
) VALUES (
    'ORD1748413509541',
    '6',
    'Ebine',
    'Angamaly, Church Avenue, 680306, Loading states..., UK',
    '45751212124',
    'rose.ebine@gmail.com',
    '17',
    'z-1200',
    '2',
    'GOLD',
    '3000.00',
    '1747131119_8.png',
    NOW(),
    'pending'
)
Final Query:
INSERT INTO order_details (
    order_id,
    customer_id,
    customer_name,
    customer_address,
    customer_mobile_no,
    customer_email,
    product_id,
    product_name,
    quantity,
    product_color,
    product_cost,
    product_image,
    placed_date,
    status
) VALUES (
    'ORD1748413575972',
    '6',
    'Ebine',
    'Angamaly, Church Avenue, 680306, Loading states..., UK',
    '45751212124',
    'rose.ebine@gmail.com',
    '17',
    'z-1200',
    '2',
    'GOLD',
    '3000.00',
    '1747131119_8.png',
    NOW(),
    'pending'
)
Final Query:
INSERT INTO order_details (
        order_id,
        customer_id,
        customer_name,
        customer_address,
        customer_mobile_no,
        customer_email,
        product_id,
        product_name,
        quantity,
        product_color,
        product_cost,
        product_image,
        placed_date,
        status
    ) VALUES (
        'ORD1748413831219',
        '6',
        'Ebine',
        'Angamaly, Church Avenue, 680306, Loading states..., UK',
        '45751212124',
        'rose.ebine@gmail.com',
        '17',
        'z-1200',
        '2',
        'GOLD',
        '3000.00',
        '1747131119_8.png',
        NOW(),
        'pending'
    )
Final Query:
INSERT INTO order_details (
        order_id,
        customer_id,
        customer_name,
        customer_address,
        postal_code,
        street,
        district,
        state,
        country,
        customer_mobile_no,
        customer_email,
        product_id,
        product_name,
        quantity,
        product_color,
        product_cost,
        product_image,
        placed_date,
        status
    ) VALUES (
        'ORD1748414023629',
        '6',
        'Ebine',
        'Angamaly, Church Avenue, 680306, Loading states..., UK',
        '45751212124',
        'rose.ebine@gmail.com',
        '17',
        'z-1200',
        '2',
        'GOLD',
        '3000.00',
        '1747131119_8.png',
        NOW(),
        'pending'
    )
Final Query:
INSERT INTO order_details (
        order_id,
        customer_id,
        customer_name,
        customer_address,
        postal_code,
        street,
      
        state,
        country,
        customer_mobile_no,
        customer_email,
        product_id,
        product_name,
        quantity,
        product_color,
        product_cost,
        product_image,
        placed_date,
        status
    ) VALUES (
        'ORD1748414110879',
        '6',
        'Ebine',
        'Angamaly, Church Avenue, 680306, Loading states..., UK',
        '45751212124',
        'rose.ebine@gmail.com',
        '17',
        'z-1200',
        '2',
        'GOLD',
        '3000.00',
        '1747131119_8.png',
        NOW(),
        'pending'
    )
Final Query:
INSERT INTO order_details (
        order_id,
        customer_id,
        customer_name,
        customer_address,
        postal_code,
        street,
        state,
        country,
        customer_mobile_no,
        customer_email,
        product_id,
        product_name,
        quantity,
        product_color,
        product_cost,
        product_image,
        placed_date,
        status
    ) VALUES (
        'ORD1748414211496',
        '6',
        'Ebine',
        'Angamaly, Church Avenue, 680306, Loading states..., UK',
        '',
        'Church Avenue',
        'Loading states...',
        'UK',
        '45751212124',
        'rose.ebine@gmail.com',
        '17',
        'z-1200',
        '2',
        'GOLD',
        '3000.00',
        '1747131119_8.png',
        NOW(),
        'pending'
    )
