Array
(
    [action] => submit_order
    [product_id] => 17
    [quantity] => 1
    [color] => WHITE
    [fuName] => Ebine
    [paddress] => Angamaly
    [street] => Church Avenue
    [postalcode] => 680306
    [state] => Loading states...
    [country] => UK
    [mobile] => 45751212124
    [email] => rose.ebine@gmail.com
)
Array
(
    [action] => submit_order
    [product_id] => 17
    [quantity] => 1
    [color] => WHITE
    [fuName] => Ebine
    [paddress] => Angamaly
    [street] => Church Avenue
    [postalcode] => 680306
    [state] => Loading states...
    [country] => UK
    [mobile] => 45751212124
    [email] => rose.ebine@gmail.com
)
Array
(
    [action] => submit_order
    [product_id] => 17
    [quantity] => 1
    [color] => WHITE
    [fuName] => Ebine
    [paddress] => Angamaly
    [street] => Church Avenue
    [postalcode] => 680306
    [state] => Loading states...
    [country] => UK
    [mobile] => 45751212124
    [email] => rose.ebine@gmail.com
)
Array
(
    [action] => submit_order
    [product_id] => 17
    [quantity] => 1
    [color] => WHITE
    [fuName] => Ebine
    [paddress] => Angamaly
    [street] => Church Avenue
    [postalcode] => 680306
    [state] => Loading states...
    [country] => UK
    [mobile] => 45751212124
    [email] => rose.ebine@gmail.com
)
Array
(
    [action] => submit_order
    [product_id] => 17
    [quantity] => 1
    [color] => WHITE
    [fuName] => Ebine
    [paddress] => Angamaly
    [street] => Church Avenue
    [postalcode] => 680306
    [state] => Loading states...
    [country] => UK
    [mobile] => 45751212124
    [email] => rose.ebine@gmail.com
)
Array
(
    [action] => submit_order
    [product_id] => 17
    [quantity] => 1
    [color] => WHITE
    [fuName] => Ebine
    [paddress] => Angamaly
    [street] => Church Avenue
    [postalcode] => 680306
    [state] => Loading states...
    [country] => UK
    [mobile] => 45751212124
    [email] => rose.ebine@gmail.com
)
Array
(
    [action] => submit_order
    [product_id] => 17
    [quantity] => 1
    [color] => WHITE
    [fuName] => Ebine
    [paddress] => Angamaly
    [street] => Church Avenue
    [postalcode] => 680306
    [state] => Loading states...
    [country] => UK
    [mobile] => 45751212124
    [email] => rose.ebine@gmail.com
)
Array
(
    [action] => submit_order
    [product_id] => 17
    [quantity] => 2
    [color] => GOLD
    [v_fuName] => Ebine
    [v_paddress] => Angamaly
    [v_street] => Church Avenue
    [v_postalcode] => 680306
    [v_state] => Loading states...
    [v_country] => UK
    [v_mobile] => 45751212124
    [v_email] => rose.ebine@gmail.com
)
Array
(
    [action] => submit_order
    [product_id] => 17
    [quantity] => 2
    [color] => GOLD
    [v_fuName] => Ebine
    [v_paddress] => Angamaly
    [v_street] => Church Avenue
    [v_postalcode] => 680306
    [v_state] => Loading states...
    [v_country] => UK
    [v_mobile] => 45751212124
    [v_email] => rose.ebine@gmail.com
)
