Array
(
    [action] => submit_order
    [product_id] => 17
    [quantity] => 3
    [color] => WHITE
    [fuName] => Ebine
    [paddress] => Angamaly
    [street] => Church Avenue
    [postalcode] => 680306
    [state] => Loading states...
    [country] => UK
    [mobile] => 45751212124
    [email] => rose.ebine@gmail.com
)
Array
(
    [action] => submit_order
    [product_id] => 17
    [quantity] => 3
    [color] => WHITE
    [fuName] => Ebine
    [paddress] => Angamaly
    [street] => Church Avenue
    [postalcode] => 680306
    [state] => Loading states...
    [country] => UK
    [mobile] => 45751212124
    [email] => rose.ebine@gmail.com
)
Array
(
    [action] => submit_order
    [product_id] => 17
    [quantity] => 3
    [color] => WHITE
    [fuName] => Ebine
    [paddress] => Angamaly
    [street] => Church Avenue
    [postalcode] => 680306
    [state] => Loading states...
    [country] => UK
    [mobile] => 45751212124
    [email] => rose.ebine@gmail.com
)
Array
(
    [action] => submit_order
    [product_id] => 17
    [quantity] => 3
    [color] => WHITE
    [fuName] => Ebine
    [paddress] => Angamaly
    [street] => Church Avenue
    [postalcode] => 680306
    [state] => Loading states...
    [country] => UK
    [mobile] => 45751212124
    [email] => rose.ebine@gmail.com
)
Array
(
    [action] => submit_order
    [product_id] => 17
    [quantity] => 3
    [color] => WHITE
    [fuName] => Ebine
    [paddress] => Angamaly
    [street] => Church Avenue
    [postalcode] => 680306
    [state] => Loading states...
    [country] => UK
    [mobile] => 45751212124
    [email] => rose.ebine@gmail.com
)
Array
(
    [action] => submit_order
    [product_id] => 17
    [quantity] => 3
    [color] => WHITE
    [fuName] => Ebine
    [paddress] => Angamaly
    [street] => Church Avenue
    [postalcode] => 680306
    [state] => Loading states...
    [country] => UK
    [mobile] => 45751212124
    [email] => rose.ebine@gmail.com
)
Array
(
    [action] => submit_order
    [product_id] => 17
    [quantity] => 3
    [color] => WHITE
    [fuName] => Ebine
    [paddress] => Angamaly
    [street] => Church Avenue
    [postalcode] => 680306
    [state] => Loading states...
    [country] => UK
    [mobile] => 45751212124
    [email] => rose.ebine@gmail.com
)
Array
(
    [action] => submit_order
    [product_id] => 17
    [quantity] => 3
    [color] => WHITE
    [fuName] => Ebine
    [paddress] => Angamaly
    [street] => Church Avenue
    [postalcode] => 680306
    [state] => Loading states...
    [country] => UK
    [mobile] => 45751212124
    [email] => rose.ebine@gmail.com
)
Array
(
    [action] => submit_order
    [product_id] => 17
    [quantity] => 3
    [color] => WHITE
    [fuName] => Ebine
    [paddress] => Angamaly
    [street] => Church Avenue
    [postalcode] => 680306
    [state] => Loading states...
    [country] => UK
    [mobile] => 45751212124
    [email] => rose.ebine@gmail.com
)
Array
(
    [action] => submit_order
    [product_id] => 17
    [quantity] => 3
    [color] => WHITE
    [fuName] => Ebine
    [paddress] => Angamaly
    [street] => Church Avenue
    [postalcode] => 680306
    [state] => Loading states...
    [country] => UK
    [mobile] => 45751212124
    [email] => rose.ebine@gmail.com
)
Array
(
    [action] => submit_order
    [product_id] => 17
    [quantity] => 3
    [color] => WHITE
    [fuName] => Ebine
    [paddress] => Angamaly
    [street] => Church Avenue
    [postalcode] => 680306
    [state] => Loading states...
    [country] => UK
    [mobile] => 45751212124
    [email] => rose.ebine@gmail.com
)
Array
(
    [action] => submit_order
    [product_id] => 17
    [quantity] => 3
    [color] => WHITE
    [fuName] => Ebine
    [paddress] => Angamaly
    [street] => Church Avenue
    [postalcode] => 680306
    [state] => Loading states...
    [country] => UK
    [mobile] => 45751212124
    [email] => rose.ebine@gmail.com
)
Array
(
    [action] => submit_order
    [product_id] => 17
    [quantity] => 3
    [color] => WHITE
    [fuName] => Ebine
    [paddress] => Angamaly
    [street] => Church Avenue
    [postalcode] => 680306
    [state] => Loading states...
    [country] => UK
    [mobile] => 45751212124
    [email] => rose.ebine@gmail.com
)
Array
(
    [action] => submit_order
    [product_id] => 17
    [quantity] => 3
    [color] => WHITE
    [fuName] => Ebine
    [paddress] => Angamaly
    [street] => Church Avenue
    [postalcode] => 680306
    [state] => Loading states...
    [country] => UK
    [mobile] => 45751212124
    [email] => rose.ebine@gmail.com
)
Array
(
    [action] => submit_order
    [product_id] => 17
    [quantity] => 1
    [color] => WHITE
    [fuName] => Ebine
    [paddress] => Angamaly
    [street] => Church Avenue
    [postalcode] => 680306
    [state] => Loading states...
    [country] => UK
    [mobile] => 45751212124
    [email] => rose.ebine@gmail.com
)
Array
(
    [action] => submit_order
    [product_id] => 17
    [quantity] => 1
    [color] => WHITE
    [fuName] => Ebine
    [paddress] => Angamaly
    [street] => Church Avenue
    [postalcode] => 680306
    [state] => Loading states...
    [country] => UK
    [mobile] => 45751212124
    [email] => rose.ebine@gmail.com
)
